Timing Analyzer report for ASIC_DTMF_Detector
Wed Apr 05 01:29:38 2023
Quartus Prime Version 20.1.1 Build 720 11/11/2020 SJ Lite Edition


---------------------
; Table of Contents ;
---------------------
  1. Legal Notice
  2. Timing Analyzer Summary
  3. Parallel Compilation
  4. Clocks
  5. Slow 1100mV 85C Model Fmax Summary
  6. Timing Closure Recommendations
  7. Slow 1100mV 85C Model Setup Summary
  8. Slow 1100mV 85C Model Hold Summary
  9. Slow 1100mV 85C Model Recovery Summary
 10. Slow 1100mV 85C Model Removal Summary
 11. Slow 1100mV 85C Model Minimum Pulse Width Summary
 12. Slow 1100mV 85C Model Metastability Summary
 13. Slow 1100mV 0C Model Fmax Summary
 14. Slow 1100mV 0C Model Setup Summary
 15. Slow 1100mV 0C Model Hold Summary
 16. Slow 1100mV 0C Model Recovery Summary
 17. Slow 1100mV 0C Model Removal Summary
 18. Slow 1100mV 0C Model Minimum Pulse Width Summary
 19. Slow 1100mV 0C Model Metastability Summary
 20. Fast 1100mV 85C Model Setup Summary
 21. Fast 1100mV 85C Model Hold Summary
 22. Fast 1100mV 85C Model Recovery Summary
 23. Fast 1100mV 85C Model Removal Summary
 24. Fast 1100mV 85C Model Minimum Pulse Width Summary
 25. Fast 1100mV 85C Model Metastability Summary
 26. Fast 1100mV 0C Model Setup Summary
 27. Fast 1100mV 0C Model Hold Summary
 28. Fast 1100mV 0C Model Recovery Summary
 29. Fast 1100mV 0C Model Removal Summary
 30. Fast 1100mV 0C Model Minimum Pulse Width Summary
 31. Fast 1100mV 0C Model Metastability Summary
 32. Multicorner Timing Analysis Summary
 33. Board Trace Model Assignments
 34. Input Transition Times
 35. Signal Integrity Metrics (Slow 1100mv 0c Model)
 36. Signal Integrity Metrics (Slow 1100mv 85c Model)
 37. Signal Integrity Metrics (Fast 1100mv 0c Model)
 38. Signal Integrity Metrics (Fast 1100mv 85c Model)
 39. Setup Transfers
 40. Hold Transfers
 41. Recovery Transfers
 42. Removal Transfers
 43. Report TCCS
 44. Report RSKM
 45. Unconstrained Paths Summary
 46. Clock Status Summary
 47. Unconstrained Input Ports
 48. Unconstrained Output Ports
 49. Unconstrained Input Ports
 50. Unconstrained Output Ports
 51. Timing Analyzer Messages



----------------
; Legal Notice ;
----------------
Copyright (C) 2020  Intel Corporation. All rights reserved.
Your use of Intel Corporation's design tools, logic functions 
and other software and tools, and any partner logic 
functions, and any output files from any of the foregoing 
(including device programming or simulation files), and any 
associated documentation or information are expressly subject 
to the terms and conditions of the Intel Program License 
Subscription Agreement, the Intel Quartus Prime License Agreement,
the Intel FPGA IP License Agreement, or other applicable license
agreement, including, without limitation, that your use is for
the sole purpose of programming logic devices manufactured by
Intel and sold by Intel or its authorized distributors.  Please
refer to the applicable agreement for further details, at
https://fpgasoftware.intel.com/eula.



+-----------------------------------------------------------------------------+
; Timing Analyzer Summary                                                     ;
+-----------------------+-----------------------------------------------------+
; Quartus Prime Version ; Version 20.1.1 Build 720 11/11/2020 SJ Lite Edition ;
; Timing Analyzer       ; Legacy Timing Analyzer                              ;
; Revision Name         ; ASIC_DTMF_Detector                                  ;
; Device Family         ; Cyclone V                                           ;
; Device Name           ; 5CSEMA5F31C6                                        ;
; Timing Models         ; Final                                               ;
; Delay Model           ; Combined                                            ;
; Rise/Fall Delays      ; Enabled                                             ;
+-----------------------+-----------------------------------------------------+


+------------------------------------------+
; Parallel Compilation                     ;
+----------------------------+-------------+
; Processors                 ; Number      ;
+----------------------------+-------------+
; Number detected on machine ; 16          ;
; Maximum allowed            ; 8           ;
;                            ;             ;
; Average used               ; 2.37        ;
; Maximum used               ; 8           ;
;                            ;             ;
; Usage by Processor         ; % Time Used ;
;     Processor 1            ; 100.0%      ;
;     Processor 2            ;  21.9%      ;
;     Processor 3            ;  21.8%      ;
;     Processor 4            ;  21.8%      ;
;     Processor 5            ;  17.9%      ;
;     Processor 6            ;  17.9%      ;
;     Processor 7            ;  17.9%      ;
;     Processor 8            ;  17.9%      ;
+----------------------------+-------------+


+--------------------------------------------------------------------------------------------------------------------------------------------------------------------------------------------------------------------------------------------------------------------------------------------------------------------------------------------------------+
; Clocks                                                                                                                                                                                                                                                                                                                                                 ;
+--------------------------------------------------------------------------------------------+------+--------+------------+-------+-------+------------+-----------+-------------+-------+--------+-----------+------------+----------+--------+--------+------------------------------------------------------------------------------------------------+
; Clock Name                                                                                 ; Type ; Period ; Frequency  ; Rise  ; Fall  ; Duty Cycle ; Divide by ; Multiply by ; Phase ; Offset ; Edge List ; Edge Shift ; Inverted ; Master ; Source ; Targets                                                                                        ;
+--------------------------------------------------------------------------------------------+------+--------+------------+-------+-------+------------+-----------+-------------+-------+--------+-----------+------------+----------+--------+--------+------------------------------------------------------------------------------------------------+
; ASICmain:u_ASICmain|Control_Module:u_Control_Module|ControlLogicFSM:u_ControlLogicFSM|i_ce ; Base ; 1.000  ; 1000.0 MHz ; 0.000 ; 0.500 ;            ;           ;             ;       ;        ;           ;            ;          ;        ;        ; { ASICmain:u_ASICmain|Control_Module:u_Control_Module|ControlLogicFSM:u_ControlLogicFSM|i_ce } ;
; clk                                                                                        ; Base ; 1.000  ; 1000.0 MHz ; 0.000 ; 0.500 ;            ;           ;             ;       ;        ;           ;            ;          ;        ;        ; { clk }                                                                                        ;
+--------------------------------------------------------------------------------------------+------+--------+------------+-------+-------+------------+-----------+-------------+-------+--------+-----------+------------+----------+--------+--------+------------------------------------------------------------------------------------------------+


+----------------------------------------------------------------------------------------------------------------------------------+
; Slow 1100mV 85C Model Fmax Summary                                                                                               ;
+------------+-----------------+--------------------------------------------------------------------------------------------+------+
; Fmax       ; Restricted Fmax ; Clock Name                                                                                 ; Note ;
+------------+-----------------+--------------------------------------------------------------------------------------------+------+
; 131.25 MHz ; 131.25 MHz      ; ASICmain:u_ASICmain|Control_Module:u_Control_Module|ControlLogicFSM:u_ControlLogicFSM|i_ce ;      ;
; 145.69 MHz ; 145.69 MHz      ; clk                                                                                        ;      ;
+------------+-----------------+--------------------------------------------------------------------------------------------+------+
This panel reports FMAX for every clock in the design, regardless of the user-specified clock periods.  FMAX is only computed for paths where the source and destination registers or ports are driven by the same clock.  Paths of different clocks, including generated clocks, are ignored.  For paths between a clock and its inversion, FMAX is computed as if the rising and falling edges are scaled along with FMAX, such that the duty cycle (in terms of a percentage) is maintained. Altera recommends that you always use clock constraints and other slack reports for sign-off analysis.


----------------------------------
; Timing Closure Recommendations ;
----------------------------------
HTML report is unavailable in plain text report export.


+---------------------------------------------------------------------------------------------------------------------+
; Slow 1100mV 85C Model Setup Summary                                                                                 ;
+--------------------------------------------------------------------------------------------+--------+---------------+
; Clock                                                                                      ; Slack  ; End Point TNS ;
+--------------------------------------------------------------------------------------------+--------+---------------+
; ASICmain:u_ASICmain|Control_Module:u_Control_Module|ControlLogicFSM:u_ControlLogicFSM|i_ce ; -6.619 ; -414.711      ;
; clk                                                                                        ; -5.864 ; -15911.771    ;
+--------------------------------------------------------------------------------------------+--------+---------------+


+--------------------------------------------------------------------------------------------------------------------+
; Slow 1100mV 85C Model Hold Summary                                                                                 ;
+--------------------------------------------------------------------------------------------+-------+---------------+
; Clock                                                                                      ; Slack ; End Point TNS ;
+--------------------------------------------------------------------------------------------+-------+---------------+
; clk                                                                                        ; 0.236 ; 0.000         ;
; ASICmain:u_ASICmain|Control_Module:u_Control_Module|ControlLogicFSM:u_ControlLogicFSM|i_ce ; 0.700 ; 0.000         ;
+--------------------------------------------------------------------------------------------+-------+---------------+


+---------------------------------------------------------------------------------------------------------------------+
; Slow 1100mV 85C Model Recovery Summary                                                                              ;
+--------------------------------------------------------------------------------------------+--------+---------------+
; Clock                                                                                      ; Slack  ; End Point TNS ;
+--------------------------------------------------------------------------------------------+--------+---------------+
; ASICmain:u_ASICmain|Control_Module:u_Control_Module|ControlLogicFSM:u_ControlLogicFSM|i_ce ; -3.559 ; -166.971      ;
+--------------------------------------------------------------------------------------------+--------+---------------+


+--------------------------------------------------------------------------------------------------------------------+
; Slow 1100mV 85C Model Removal Summary                                                                              ;
+--------------------------------------------------------------------------------------------+-------+---------------+
; Clock                                                                                      ; Slack ; End Point TNS ;
+--------------------------------------------------------------------------------------------+-------+---------------+
; ASICmain:u_ASICmain|Control_Module:u_Control_Module|ControlLogicFSM:u_ControlLogicFSM|i_ce ; 2.529 ; 0.000         ;
+--------------------------------------------------------------------------------------------+-------+---------------+


+---------------------------------------------------------------------------------------------------------------------+
; Slow 1100mV 85C Model Minimum Pulse Width Summary                                                                   ;
+--------------------------------------------------------------------------------------------+--------+---------------+
; Clock                                                                                      ; Slack  ; End Point TNS ;
+--------------------------------------------------------------------------------------------+--------+---------------+
; clk                                                                                        ; -2.636 ; -3862.184     ;
; ASICmain:u_ASICmain|Control_Module:u_Control_Module|ControlLogicFSM:u_ControlLogicFSM|i_ce ; -2.174 ; -107.208      ;
+--------------------------------------------------------------------------------------------+--------+---------------+


-----------------------------------------------
; Slow 1100mV 85C Model Metastability Summary ;
-----------------------------------------------
Design MTBF is not calculated because the design doesn't meet its timing requirements.



+----------------------------------------------------------------------------------------------------------------------------------+
; Slow 1100mV 0C Model Fmax Summary                                                                                                ;
+------------+-----------------+--------------------------------------------------------------------------------------------+------+
; Fmax       ; Restricted Fmax ; Clock Name                                                                                 ; Note ;
+------------+-----------------+--------------------------------------------------------------------------------------------+------+
; 129.92 MHz ; 129.92 MHz      ; ASICmain:u_ASICmain|Control_Module:u_Control_Module|ControlLogicFSM:u_ControlLogicFSM|i_ce ;      ;
; 147.62 MHz ; 147.62 MHz      ; clk                                                                                        ;      ;
+------------+-----------------+--------------------------------------------------------------------------------------------+------+
This panel reports FMAX for every clock in the design, regardless of the user-specified clock periods.  FMAX is only computed for paths where the source and destination registers or ports are driven by the same clock.  Paths of different clocks, including generated clocks, are ignored.  For paths between a clock and its inversion, FMAX is computed as if the rising and falling edges are scaled along with FMAX, such that the duty cycle (in terms of a percentage) is maintained. Altera recommends that you always use clock constraints and other slack reports for sign-off analysis.


+---------------------------------------------------------------------------------------------------------------------+
; Slow 1100mV 0C Model Setup Summary                                                                                  ;
+--------------------------------------------------------------------------------------------+--------+---------------+
; Clock                                                                                      ; Slack  ; End Point TNS ;
+--------------------------------------------------------------------------------------------+--------+---------------+
; ASICmain:u_ASICmain|Control_Module:u_Control_Module|ControlLogicFSM:u_ControlLogicFSM|i_ce ; -6.697 ; -423.034      ;
; clk                                                                                        ; -5.774 ; -14809.244    ;
+--------------------------------------------------------------------------------------------+--------+---------------+


+---------------------------------------------------------------------------------------------------------------------+
; Slow 1100mV 0C Model Hold Summary                                                                                   ;
+--------------------------------------------------------------------------------------------+--------+---------------+
; Clock                                                                                      ; Slack  ; End Point TNS ;
+--------------------------------------------------------------------------------------------+--------+---------------+
; clk                                                                                        ; -0.038 ; -0.046        ;
; ASICmain:u_ASICmain|Control_Module:u_Control_Module|ControlLogicFSM:u_ControlLogicFSM|i_ce ; 0.689  ; 0.000         ;
+--------------------------------------------------------------------------------------------+--------+---------------+


+---------------------------------------------------------------------------------------------------------------------+
; Slow 1100mV 0C Model Recovery Summary                                                                               ;
+--------------------------------------------------------------------------------------------+--------+---------------+
; Clock                                                                                      ; Slack  ; End Point TNS ;
+--------------------------------------------------------------------------------------------+--------+---------------+
; ASICmain:u_ASICmain|Control_Module:u_Control_Module|ControlLogicFSM:u_ControlLogicFSM|i_ce ; -3.624 ; -170.921      ;
+--------------------------------------------------------------------------------------------+--------+---------------+


+--------------------------------------------------------------------------------------------------------------------+
; Slow 1100mV 0C Model Removal Summary                                                                               ;
+--------------------------------------------------------------------------------------------+-------+---------------+
; Clock                                                                                      ; Slack ; End Point TNS ;
+--------------------------------------------------------------------------------------------+-------+---------------+
; ASICmain:u_ASICmain|Control_Module:u_Control_Module|ControlLogicFSM:u_ControlLogicFSM|i_ce ; 2.636 ; 0.000         ;
+--------------------------------------------------------------------------------------------+-------+---------------+


+---------------------------------------------------------------------------------------------------------------------+
; Slow 1100mV 0C Model Minimum Pulse Width Summary                                                                    ;
+--------------------------------------------------------------------------------------------+--------+---------------+
; Clock                                                                                      ; Slack  ; End Point TNS ;
+--------------------------------------------------------------------------------------------+--------+---------------+
; clk                                                                                        ; -2.636 ; -4003.573     ;
; ASICmain:u_ASICmain|Control_Module:u_Control_Module|ControlLogicFSM:u_ControlLogicFSM|i_ce ; -2.174 ; -106.584      ;
+--------------------------------------------------------------------------------------------+--------+---------------+


----------------------------------------------
; Slow 1100mV 0C Model Metastability Summary ;
----------------------------------------------
Design MTBF is not calculated because the design doesn't meet its timing requirements.



+---------------------------------------------------------------------------------------------------------------------+
; Fast 1100mV 85C Model Setup Summary                                                                                 ;
+--------------------------------------------------------------------------------------------+--------+---------------+
; Clock                                                                                      ; Slack  ; End Point TNS ;
+--------------------------------------------------------------------------------------------+--------+---------------+
; ASICmain:u_ASICmain|Control_Module:u_Control_Module|ControlLogicFSM:u_ControlLogicFSM|i_ce ; -3.481 ; -210.253      ;
; clk                                                                                        ; -3.244 ; -10168.698    ;
+--------------------------------------------------------------------------------------------+--------+---------------+


+--------------------------------------------------------------------------------------------------------------------+
; Fast 1100mV 85C Model Hold Summary                                                                                 ;
+--------------------------------------------------------------------------------------------+-------+---------------+
; Clock                                                                                      ; Slack ; End Point TNS ;
+--------------------------------------------------------------------------------------------+-------+---------------+
; clk                                                                                        ; 0.143 ; 0.000         ;
; ASICmain:u_ASICmain|Control_Module:u_Control_Module|ControlLogicFSM:u_ControlLogicFSM|i_ce ; 0.356 ; 0.000         ;
+--------------------------------------------------------------------------------------------+-------+---------------+


+---------------------------------------------------------------------------------------------------------------------+
; Fast 1100mV 85C Model Recovery Summary                                                                              ;
+--------------------------------------------------------------------------------------------+--------+---------------+
; Clock                                                                                      ; Slack  ; End Point TNS ;
+--------------------------------------------------------------------------------------------+--------+---------------+
; ASICmain:u_ASICmain|Control_Module:u_Control_Module|ControlLogicFSM:u_ControlLogicFSM|i_ce ; -1.765 ; -80.623       ;
+--------------------------------------------------------------------------------------------+--------+---------------+


+--------------------------------------------------------------------------------------------------------------------+
; Fast 1100mV 85C Model Removal Summary                                                                              ;
+--------------------------------------------------------------------------------------------+-------+---------------+
; Clock                                                                                      ; Slack ; End Point TNS ;
+--------------------------------------------------------------------------------------------+-------+---------------+
; ASICmain:u_ASICmain|Control_Module:u_Control_Module|ControlLogicFSM:u_ControlLogicFSM|i_ce ; 1.196 ; 0.000         ;
+--------------------------------------------------------------------------------------------+-------+---------------+


+---------------------------------------------------------------------------------------------------------------------+
; Fast 1100mV 85C Model Minimum Pulse Width Summary                                                                   ;
+--------------------------------------------------------------------------------------------+--------+---------------+
; Clock                                                                                      ; Slack  ; End Point TNS ;
+--------------------------------------------------------------------------------------------+--------+---------------+
; clk                                                                                        ; -2.636 ; -2190.100     ;
; ASICmain:u_ASICmain|Control_Module:u_Control_Module|ControlLogicFSM:u_ControlLogicFSM|i_ce ; -2.174 ; -67.157       ;
+--------------------------------------------------------------------------------------------+--------+---------------+


-----------------------------------------------
; Fast 1100mV 85C Model Metastability Summary ;
-----------------------------------------------
Design MTBF is not calculated because the design doesn't meet its timing requirements.



+---------------------------------------------------------------------------------------------------------------------+
; Fast 1100mV 0C Model Setup Summary                                                                                  ;
+--------------------------------------------------------------------------------------------+--------+---------------+
; Clock                                                                                      ; Slack  ; End Point TNS ;
+--------------------------------------------------------------------------------------------+--------+---------------+
; ASICmain:u_ASICmain|Control_Module:u_Control_Module|ControlLogicFSM:u_ControlLogicFSM|i_ce ; -3.257 ; -198.732      ;
; clk                                                                                        ; -2.867 ; -8327.916     ;
+--------------------------------------------------------------------------------------------+--------+---------------+


+---------------------------------------------------------------------------------------------------------------------+
; Fast 1100mV 0C Model Hold Summary                                                                                   ;
+--------------------------------------------------------------------------------------------+--------+---------------+
; Clock                                                                                      ; Slack  ; End Point TNS ;
+--------------------------------------------------------------------------------------------+--------+---------------+
; clk                                                                                        ; -0.024 ; -0.024        ;
; ASICmain:u_ASICmain|Control_Module:u_Control_Module|ControlLogicFSM:u_ControlLogicFSM|i_ce ; 0.326  ; 0.000         ;
+--------------------------------------------------------------------------------------------+--------+---------------+


+---------------------------------------------------------------------------------------------------------------------+
; Fast 1100mV 0C Model Recovery Summary                                                                               ;
+--------------------------------------------------------------------------------------------+--------+---------------+
; Clock                                                                                      ; Slack  ; End Point TNS ;
+--------------------------------------------------------------------------------------------+--------+---------------+
; ASICmain:u_ASICmain|Control_Module:u_Control_Module|ControlLogicFSM:u_ControlLogicFSM|i_ce ; -1.688 ; -77.767       ;
+--------------------------------------------------------------------------------------------+--------+---------------+


+--------------------------------------------------------------------------------------------------------------------+
; Fast 1100mV 0C Model Removal Summary                                                                               ;
+--------------------------------------------------------------------------------------------+-------+---------------+
; Clock                                                                                      ; Slack ; End Point TNS ;
+--------------------------------------------------------------------------------------------+-------+---------------+
; ASICmain:u_ASICmain|Control_Module:u_Control_Module|ControlLogicFSM:u_ControlLogicFSM|i_ce ; 1.191 ; 0.000         ;
+--------------------------------------------------------------------------------------------+-------+---------------+


+---------------------------------------------------------------------------------------------------------------------+
; Fast 1100mV 0C Model Minimum Pulse Width Summary                                                                    ;
+--------------------------------------------------------------------------------------------+--------+---------------+
; Clock                                                                                      ; Slack  ; End Point TNS ;
+--------------------------------------------------------------------------------------------+--------+---------------+
; clk                                                                                        ; -2.636 ; -2186.874     ;
; ASICmain:u_ASICmain|Control_Module:u_Control_Module|ControlLogicFSM:u_ControlLogicFSM|i_ce ; -2.174 ; -65.481       ;
+--------------------------------------------------------------------------------------------+--------+---------------+


----------------------------------------------
; Fast 1100mV 0C Model Metastability Summary ;
----------------------------------------------
Design MTBF is not calculated because the design doesn't meet its timing requirements.



+--------------------------------------------------------------------------------------------------------------------------------------------------------------+
; Multicorner Timing Analysis Summary                                                                                                                          ;
+---------------------------------------------------------------------------------------------+------------+--------+----------+---------+---------------------+
; Clock                                                                                       ; Setup      ; Hold   ; Recovery ; Removal ; Minimum Pulse Width ;
+---------------------------------------------------------------------------------------------+------------+--------+----------+---------+---------------------+
; Worst-case Slack                                                                            ; -6.697     ; -0.038 ; -3.624   ; 1.191   ; -2.636              ;
;  ASICmain:u_ASICmain|Control_Module:u_Control_Module|ControlLogicFSM:u_ControlLogicFSM|i_ce ; -6.697     ; 0.326  ; -3.624   ; 1.191   ; -2.174              ;
;  clk                                                                                        ; -5.864     ; -0.038 ; N/A      ; N/A     ; -2.636              ;
; Design-wide TNS                                                                             ; -16326.482 ; -0.046 ; -170.921 ; 0.0     ; -4110.157           ;
;  ASICmain:u_ASICmain|Control_Module:u_Control_Module|ControlLogicFSM:u_ControlLogicFSM|i_ce ; -423.034   ; 0.000  ; -170.921 ; 0.000   ; -107.208            ;
;  clk                                                                                        ; -15911.771 ; -0.046 ; N/A      ; N/A     ; -4003.573           ;
+---------------------------------------------------------------------------------------------+------------+--------+----------+---------+---------------------+


+--------------------------------------------------------------------------------------------------------------------------------------------------------------------------------------------------------------------------------------------------------------------------------------------------------------------------------------------------------------------------------------------------------+
; Board Trace Model Assignments                                                                                                                                                                                                                                                                                                                                                                          ;
+-----+--------------+-------------------+-------------------------+-------------------------+---------------+---------------------+----------------+------------------+--------+------------------+------------------------+------------------------+--------------+---------------+-----------------+-------+---------------------+--------------------+---------------+-----------------+-------------+
; Pin ; I/O Standard ; Near Tline Length ; Near Tline L per Length ; Near Tline C per Length ; Near Series R ; Near Differential R ; Near Pull-up R ; Near Pull-down R ; Near C ; Far Tline Length ; Far Tline L per Length ; Far Tline C per Length ; Far Series R ; Far Pull-up R ; Far Pull-down R ; Far C ; Termination Voltage ; Far Differential R ; EBD File Name ; EBD Signal Name ; EBD Far-end ;
+-----+--------------+-------------------+-------------------------+-------------------------+---------------+---------------------+----------------+------------------+--------+------------------+------------------------+------------------------+--------------+---------------+-----------------+-------+---------------------+--------------------+---------------+-----------------+-------------+
; sda ; 2.5 V        ; 0 in              ; 0 H/in                  ; 0 F/in                  ; short         ; -                   ; open           ; open             ; open   ; 0 in             ; 0 H/in                 ; 0 F/in                 ; short        ; open          ; open            ; open  ; 0 V                 ; -                  ; n/a           ; n/a             ; n/a         ;
+-----+--------------+-------------------+-------------------------+-------------------------+---------------+---------------------+----------------+------------------+--------+------------------+------------------------+------------------------+--------------+---------------+-----------------+-------+---------------------+--------------------+---------------+-----------------+-------------+


+------------------------------------------------------------+
; Input Transition Times                                     ;
+---------+--------------+-----------------+-----------------+
; Pin     ; I/O Standard ; 10-90 Rise Time ; 90-10 Fall Time ;
+---------+--------------+-----------------+-----------------+
; sda     ; 2.5 V        ; 2000 ps         ; 2000 ps         ;
; clk     ; 2.5 V        ; 2000 ps         ; 2000 ps         ;
; reset_n ; 2.5 V        ; 2000 ps         ; 2000 ps         ;
; scl     ; 2.5 V        ; 2000 ps         ; 2000 ps         ;
+---------+--------------+-----------------+-----------------+


+----------------------------------------------------------------------------------------------------------------------------------------------------------------------------------------------------------------------------------------------------------------------------------------------------------------------------------------------------------------------------------------------------------------------------------------------------------------------------------------------------------------------------------------------------------------------------------------------------------------------------------------------------------------------------------+
; Signal Integrity Metrics (Slow 1100mv 0c Model)                                                                                                                                                                                                                                                                                                                                                                                                                                                                                                                                                                                                                                  ;
+-----+--------------+---------------------+---------------------+------------------------------+------------------------------+---------------------+---------------------+--------------------------------------+--------------------------------------+-----------------------------+-----------------------------+----------------------------+----------------------------+-----------------------------+-----------------------------+--------------------+--------------------+-------------------------------------+-------------------------------------+----------------------------+----------------------------+---------------------------+---------------------------+
; Pin ; I/O Standard ; Board Delay on Rise ; Board Delay on Fall ; Steady State Voh at FPGA Pin ; Steady State Vol at FPGA Pin ; Voh Max at FPGA Pin ; Vol Min at FPGA Pin ; Ringback Voltage on Rise at FPGA Pin ; Ringback Voltage on Fall at FPGA Pin ; 10-90 Rise Time at FPGA Pin ; 90-10 Fall Time at FPGA Pin ; Monotonic Rise at FPGA Pin ; Monotonic Fall at FPGA Pin ; Steady State Voh at Far-end ; Steady State Vol at Far-end ; Voh Max at Far-end ; Vol Min at Far-end ; Ringback Voltage on Rise at Far-end ; Ringback Voltage on Fall at Far-end ; 10-90 Rise Time at Far-end ; 90-10 Fall Time at Far-end ; Monotonic Rise at Far-end ; Monotonic Fall at Far-end ;
+-----+--------------+---------------------+---------------------+------------------------------+------------------------------+---------------------+---------------------+--------------------------------------+--------------------------------------+-----------------------------+-----------------------------+----------------------------+----------------------------+-----------------------------+-----------------------------+--------------------+--------------------+-------------------------------------+-------------------------------------+----------------------------+----------------------------+---------------------------+---------------------------+
; sda ; 2.5 V        ; 0 s                 ; 0 s                 ; 2.32 V                       ; 3.6e-07 V                    ; 2.41 V              ; -0.0463 V           ; 0.201 V                              ; 0.131 V                              ; 4.61e-10 s                  ; 4.53e-10 s                  ; No                         ; Yes                        ; 2.32 V                      ; 3.6e-07 V                   ; 2.41 V             ; -0.0463 V          ; 0.201 V                             ; 0.131 V                             ; 4.61e-10 s                 ; 4.53e-10 s                 ; No                        ; Yes                       ;
+-----+--------------+---------------------+---------------------+------------------------------+------------------------------+---------------------+---------------------+--------------------------------------+--------------------------------------+-----------------------------+-----------------------------+----------------------------+----------------------------+-----------------------------+-----------------------------+--------------------+--------------------+-------------------------------------+-------------------------------------+----------------------------+----------------------------+---------------------------+---------------------------+


+----------------------------------------------------------------------------------------------------------------------------------------------------------------------------------------------------------------------------------------------------------------------------------------------------------------------------------------------------------------------------------------------------------------------------------------------------------------------------------------------------------------------------------------------------------------------------------------------------------------------------------------------------------------------------------+
; Signal Integrity Metrics (Slow 1100mv 85c Model)                                                                                                                                                                                                                                                                                                                                                                                                                                                                                                                                                                                                                                 ;
+-----+--------------+---------------------+---------------------+------------------------------+------------------------------+---------------------+---------------------+--------------------------------------+--------------------------------------+-----------------------------+-----------------------------+----------------------------+----------------------------+-----------------------------+-----------------------------+--------------------+--------------------+-------------------------------------+-------------------------------------+----------------------------+----------------------------+---------------------------+---------------------------+
; Pin ; I/O Standard ; Board Delay on Rise ; Board Delay on Fall ; Steady State Voh at FPGA Pin ; Steady State Vol at FPGA Pin ; Voh Max at FPGA Pin ; Vol Min at FPGA Pin ; Ringback Voltage on Rise at FPGA Pin ; Ringback Voltage on Fall at FPGA Pin ; 10-90 Rise Time at FPGA Pin ; 90-10 Fall Time at FPGA Pin ; Monotonic Rise at FPGA Pin ; Monotonic Fall at FPGA Pin ; Steady State Voh at Far-end ; Steady State Vol at Far-end ; Voh Max at Far-end ; Vol Min at Far-end ; Ringback Voltage on Rise at Far-end ; Ringback Voltage on Fall at Far-end ; 10-90 Rise Time at Far-end ; 90-10 Fall Time at Far-end ; Monotonic Rise at Far-end ; Monotonic Fall at Far-end ;
+-----+--------------+---------------------+---------------------+------------------------------+------------------------------+---------------------+---------------------+--------------------------------------+--------------------------------------+-----------------------------+-----------------------------+----------------------------+----------------------------+-----------------------------+-----------------------------+--------------------+--------------------+-------------------------------------+-------------------------------------+----------------------------+----------------------------+---------------------------+---------------------------+
; sda ; 2.5 V        ; 0 s                 ; 0 s                 ; 2.32 V                       ; 3.96e-05 V                   ; 2.38 V              ; -0.0306 V           ; 0.23 V                               ; 0.206 V                              ; 4.83e-10 s                  ; 5.01e-10 s                  ; No                         ; Yes                        ; 2.32 V                      ; 3.96e-05 V                  ; 2.38 V             ; -0.0306 V          ; 0.23 V                              ; 0.206 V                             ; 4.83e-10 s                 ; 5.01e-10 s                 ; No                        ; Yes                       ;
+-----+--------------+---------------------+---------------------+------------------------------+------------------------------+---------------------+---------------------+--------------------------------------+--------------------------------------+-----------------------------+-----------------------------+----------------------------+----------------------------+-----------------------------+-----------------------------+--------------------+--------------------+-------------------------------------+-------------------------------------+----------------------------+----------------------------+---------------------------+---------------------------+


+----------------------------------------------------------------------------------------------------------------------------------------------------------------------------------------------------------------------------------------------------------------------------------------------------------------------------------------------------------------------------------------------------------------------------------------------------------------------------------------------------------------------------------------------------------------------------------------------------------------------------------------------------------------------------------+
; Signal Integrity Metrics (Fast 1100mv 0c Model)                                                                                                                                                                                                                                                                                                                                                                                                                                                                                                                                                                                                                                  ;
+-----+--------------+---------------------+---------------------+------------------------------+------------------------------+---------------------+---------------------+--------------------------------------+--------------------------------------+-----------------------------+-----------------------------+----------------------------+----------------------------+-----------------------------+-----------------------------+--------------------+--------------------+-------------------------------------+-------------------------------------+----------------------------+----------------------------+---------------------------+---------------------------+
; Pin ; I/O Standard ; Board Delay on Rise ; Board Delay on Fall ; Steady State Voh at FPGA Pin ; Steady State Vol at FPGA Pin ; Voh Max at FPGA Pin ; Vol Min at FPGA Pin ; Ringback Voltage on Rise at FPGA Pin ; Ringback Voltage on Fall at FPGA Pin ; 10-90 Rise Time at FPGA Pin ; 90-10 Fall Time at FPGA Pin ; Monotonic Rise at FPGA Pin ; Monotonic Fall at FPGA Pin ; Steady State Voh at Far-end ; Steady State Vol at Far-end ; Voh Max at Far-end ; Vol Min at Far-end ; Ringback Voltage on Rise at Far-end ; Ringback Voltage on Fall at Far-end ; 10-90 Rise Time at Far-end ; 90-10 Fall Time at Far-end ; Monotonic Rise at Far-end ; Monotonic Fall at Far-end ;
+-----+--------------+---------------------+---------------------+------------------------------+------------------------------+---------------------+---------------------+--------------------------------------+--------------------------------------+-----------------------------+-----------------------------+----------------------------+----------------------------+-----------------------------+-----------------------------+--------------------+--------------------+-------------------------------------+-------------------------------------+----------------------------+----------------------------+---------------------------+---------------------------+
; sda ; 2.5 V        ; 0 s                 ; 0 s                 ; 2.75 V                       ; 4.25e-06 V                   ; 2.9 V               ; -0.107 V            ; 0.378 V                              ; 0.16 V                               ; 2.87e-10 s                  ; 4.28e-10 s                  ; No                         ; No                         ; 2.75 V                      ; 4.25e-06 V                  ; 2.9 V              ; -0.107 V           ; 0.378 V                             ; 0.16 V                              ; 2.87e-10 s                 ; 4.28e-10 s                 ; No                        ; No                        ;
+-----+--------------+---------------------+---------------------+------------------------------+------------------------------+---------------------+---------------------+--------------------------------------+--------------------------------------+-----------------------------+-----------------------------+----------------------------+----------------------------+-----------------------------+-----------------------------+--------------------+--------------------+-------------------------------------+-------------------------------------+----------------------------+----------------------------+---------------------------+---------------------------+


+----------------------------------------------------------------------------------------------------------------------------------------------------------------------------------------------------------------------------------------------------------------------------------------------------------------------------------------------------------------------------------------------------------------------------------------------------------------------------------------------------------------------------------------------------------------------------------------------------------------------------------------------------------------------------------+
; Signal Integrity Metrics (Fast 1100mv 85c Model)                                                                                                                                                                                                                                                                                                                                                                                                                                                                                                                                                                                                                                 ;
+-----+--------------+---------------------+---------------------+------------------------------+------------------------------+---------------------+---------------------+--------------------------------------+--------------------------------------+-----------------------------+-----------------------------+----------------------------+----------------------------+-----------------------------+-----------------------------+--------------------+--------------------+-------------------------------------+-------------------------------------+----------------------------+----------------------------+---------------------------+---------------------------+
; Pin ; I/O Standard ; Board Delay on Rise ; Board Delay on Fall ; Steady State Voh at FPGA Pin ; Steady State Vol at FPGA Pin ; Voh Max at FPGA Pin ; Vol Min at FPGA Pin ; Ringback Voltage on Rise at FPGA Pin ; Ringback Voltage on Fall at FPGA Pin ; 10-90 Rise Time at FPGA Pin ; 90-10 Fall Time at FPGA Pin ; Monotonic Rise at FPGA Pin ; Monotonic Fall at FPGA Pin ; Steady State Voh at Far-end ; Steady State Vol at Far-end ; Voh Max at Far-end ; Vol Min at Far-end ; Ringback Voltage on Rise at Far-end ; Ringback Voltage on Fall at Far-end ; 10-90 Rise Time at Far-end ; 90-10 Fall Time at Far-end ; Monotonic Rise at Far-end ; Monotonic Fall at Far-end ;
+-----+--------------+---------------------+---------------------+------------------------------+------------------------------+---------------------+---------------------+--------------------------------------+--------------------------------------+-----------------------------+-----------------------------+----------------------------+----------------------------+-----------------------------+-----------------------------+--------------------+--------------------+-------------------------------------+-------------------------------------+----------------------------+----------------------------+---------------------------+---------------------------+
; sda ; 2.5 V        ; 0 s                 ; 0 s                 ; 2.75 V                       ; 0.000247 V                   ; 2.85 V              ; -0.0711 V           ; 0.204 V                              ; 0.181 V                              ; 4.55e-10 s                  ; 4.49e-10 s                  ; No                         ; No                         ; 2.75 V                      ; 0.000247 V                  ; 2.85 V             ; -0.0711 V          ; 0.204 V                             ; 0.181 V                             ; 4.55e-10 s                 ; 4.49e-10 s                 ; No                        ; No                        ;
+-----+--------------+---------------------+---------------------+------------------------------+------------------------------+---------------------+---------------------+--------------------------------------+--------------------------------------+-----------------------------+-----------------------------+----------------------------+----------------------------+-----------------------------+-----------------------------+--------------------+--------------------+-------------------------------------+-------------------------------------+----------------------------+----------------------------+---------------------------+---------------------------+


+-------------------------------------------------------------------------------------------------------------------------------------------------------------------------------------------------------------------------------------+
; Setup Transfers                                                                                                                                                                                                                     ;
+--------------------------------------------------------------------------------------------+--------------------------------------------------------------------------------------------+----------+----------+----------+----------+
; From Clock                                                                                 ; To Clock                                                                                   ; RR Paths ; FR Paths ; RF Paths ; FF Paths ;
+--------------------------------------------------------------------------------------------+--------------------------------------------------------------------------------------------+----------+----------+----------+----------+
; ASICmain:u_ASICmain|Control_Module:u_Control_Module|ControlLogicFSM:u_ControlLogicFSM|i_ce ; ASICmain:u_ASICmain|Control_Module:u_Control_Module|ControlLogicFSM:u_ControlLogicFSM|i_ce ; 44544    ; 0        ; 0        ; 0        ;
; clk                                                                                        ; ASICmain:u_ASICmain|Control_Module:u_Control_Module|ControlLogicFSM:u_ControlLogicFSM|i_ce ; 106      ; 0        ; 0        ; 0        ;
; ASICmain:u_ASICmain|Control_Module:u_Control_Module|ControlLogicFSM:u_ControlLogicFSM|i_ce ; clk                                                                                        ; 3551     ; 3530     ; 0        ; 0        ;
; clk                                                                                        ; clk                                                                                        ; 95523    ; 0        ; 1        ; 0        ;
+--------------------------------------------------------------------------------------------+--------------------------------------------------------------------------------------------+----------+----------+----------+----------+
Entries labeled "false path" only account for clock-to-clock false paths and not path-based false paths. As a result, actual path counts may be lower than reported.


+-------------------------------------------------------------------------------------------------------------------------------------------------------------------------------------------------------------------------------------+
; Hold Transfers                                                                                                                                                                                                                      ;
+--------------------------------------------------------------------------------------------+--------------------------------------------------------------------------------------------+----------+----------+----------+----------+
; From Clock                                                                                 ; To Clock                                                                                   ; RR Paths ; FR Paths ; RF Paths ; FF Paths ;
+--------------------------------------------------------------------------------------------+--------------------------------------------------------------------------------------------+----------+----------+----------+----------+
; ASICmain:u_ASICmain|Control_Module:u_Control_Module|ControlLogicFSM:u_ControlLogicFSM|i_ce ; ASICmain:u_ASICmain|Control_Module:u_Control_Module|ControlLogicFSM:u_ControlLogicFSM|i_ce ; 44544    ; 0        ; 0        ; 0        ;
; clk                                                                                        ; ASICmain:u_ASICmain|Control_Module:u_Control_Module|ControlLogicFSM:u_ControlLogicFSM|i_ce ; 106      ; 0        ; 0        ; 0        ;
; ASICmain:u_ASICmain|Control_Module:u_Control_Module|ControlLogicFSM:u_ControlLogicFSM|i_ce ; clk                                                                                        ; 3551     ; 3530     ; 0        ; 0        ;
; clk                                                                                        ; clk                                                                                        ; 95523    ; 0        ; 1        ; 0        ;
+--------------------------------------------------------------------------------------------+--------------------------------------------------------------------------------------------+----------+----------+----------+----------+
Entries labeled "false path" only account for clock-to-clock false paths and not path-based false paths. As a result, actual path counts may be lower than reported.


+-----------------------------------------------------------------------------------------------------------------------------------------------------+
; Recovery Transfers                                                                                                                                  ;
+------------+--------------------------------------------------------------------------------------------+----------+----------+----------+----------+
; From Clock ; To Clock                                                                                   ; RR Paths ; FR Paths ; RF Paths ; FF Paths ;
+------------+--------------------------------------------------------------------------------------------+----------+----------+----------+----------+
; clk        ; ASICmain:u_ASICmain|Control_Module:u_Control_Module|ControlLogicFSM:u_ControlLogicFSM|i_ce ; 50       ; 0        ; 0        ; 0        ;
+------------+--------------------------------------------------------------------------------------------+----------+----------+----------+----------+
Entries labeled "false path" only account for clock-to-clock false paths and not path-based false paths. As a result, actual path counts may be lower than reported.


+-----------------------------------------------------------------------------------------------------------------------------------------------------+
; Removal Transfers                                                                                                                                   ;
+------------+--------------------------------------------------------------------------------------------+----------+----------+----------+----------+
; From Clock ; To Clock                                                                                   ; RR Paths ; FR Paths ; RF Paths ; FF Paths ;
+------------+--------------------------------------------------------------------------------------------+----------+----------+----------+----------+
; clk        ; ASICmain:u_ASICmain|Control_Module:u_Control_Module|ControlLogicFSM:u_ControlLogicFSM|i_ce ; 50       ; 0        ; 0        ; 0        ;
+------------+--------------------------------------------------------------------------------------------+----------+----------+----------+----------+
Entries labeled "false path" only account for clock-to-clock false paths and not path-based false paths. As a result, actual path counts may be lower than reported.


---------------
; Report TCCS ;
---------------
No dedicated SERDES Transmitter circuitry present in device or used in design


---------------
; Report RSKM ;
---------------
No non-DPA dedicated SERDES Receiver circuitry present in device or used in design


+------------------------------------------------+
; Unconstrained Paths Summary                    ;
+---------------------------------+-------+------+
; Property                        ; Setup ; Hold ;
+---------------------------------+-------+------+
; Illegal Clocks                  ; 0     ; 0    ;
; Unconstrained Clocks            ; 0     ; 0    ;
; Unconstrained Input Ports       ; 3     ; 3    ;
; Unconstrained Input Port Paths  ; 103   ; 103  ;
; Unconstrained Output Ports      ; 1     ; 1    ;
; Unconstrained Output Port Paths ; 1     ; 1    ;
+---------------------------------+-------+------+


+--------------------------------------------------------------------------------------------------------------------------------------------------------------------------------------------------------------+
; Clock Status Summary                                                                                                                                                                                         ;
+--------------------------------------------------------------------------------------------+--------------------------------------------------------------------------------------------+------+-------------+
; Target                                                                                     ; Clock                                                                                      ; Type ; Status      ;
+--------------------------------------------------------------------------------------------+--------------------------------------------------------------------------------------------+------+-------------+
; ASICmain:u_ASICmain|Control_Module:u_Control_Module|ControlLogicFSM:u_ControlLogicFSM|i_ce ; ASICmain:u_ASICmain|Control_Module:u_Control_Module|ControlLogicFSM:u_ControlLogicFSM|i_ce ; Base ; Constrained ;
; clk                                                                                        ; clk                                                                                        ; Base ; Constrained ;
+--------------------------------------------------------------------------------------------+--------------------------------------------------------------------------------------------+------+-------------+


+---------------------------------------------------------------------------------------------------+
; Unconstrained Input Ports                                                                         ;
+------------+--------------------------------------------------------------------------------------+
; Input Port ; Comment                                                                              ;
+------------+--------------------------------------------------------------------------------------+
; reset_n    ; No input delay, min/max delays, false-path exceptions, or max skew assignments found ;
; scl        ; No input delay, min/max delays, false-path exceptions, or max skew assignments found ;
; sda        ; No input delay, min/max delays, false-path exceptions, or max skew assignments found ;
+------------+--------------------------------------------------------------------------------------+


+-----------------------------------------------------------------------------------------------------+
; Unconstrained Output Ports                                                                          ;
+-------------+---------------------------------------------------------------------------------------+
; Output Port ; Comment                                                                               ;
+-------------+---------------------------------------------------------------------------------------+
; sda         ; No output delay, min/max delays, false-path exceptions, or max skew assignments found ;
+-------------+---------------------------------------------------------------------------------------+


+---------------------------------------------------------------------------------------------------+
; Unconstrained Input Ports                                                                         ;
+------------+--------------------------------------------------------------------------------------+
; Input Port ; Comment                                                                              ;
+------------+--------------------------------------------------------------------------------------+
; reset_n    ; No input delay, min/max delays, false-path exceptions, or max skew assignments found ;
; scl        ; No input delay, min/max delays, false-path exceptions, or max skew assignments found ;
; sda        ; No input delay, min/max delays, false-path exceptions, or max skew assignments found ;
+------------+--------------------------------------------------------------------------------------+


+-----------------------------------------------------------------------------------------------------+
; Unconstrained Output Ports                                                                          ;
+-------------+---------------------------------------------------------------------------------------+
; Output Port ; Comment                                                                               ;
+-------------+---------------------------------------------------------------------------------------+
; sda         ; No output delay, min/max delays, false-path exceptions, or max skew assignments found ;
+-------------+---------------------------------------------------------------------------------------+


+--------------------------+
; Timing Analyzer Messages ;
+--------------------------+
Info: *******************************************************************
Info: Running Quartus Prime Timing Analyzer
    Info: Version 20.1.1 Build 720 11/11/2020 SJ Lite Edition
    Info: Processing started: Wed Apr 05 01:29:32 2023
Info: Command: quartus_sta ASIC_DTMF_Detector -c ASIC_DTMF_Detector
Info: qsta_default_script.tcl version: #1
Warning (18236): Number of processors has not been specified which may cause overloading on shared machines.  Set the global assignment NUM_PARALLEL_PROCESSORS in your QSF to an appropriate value for best performance.
Info (20030): Parallel compilation is enabled and will use 8 of the 8 processors detected
Info (21077): Low junction temperature is 0 degrees C
Info (21077): High junction temperature is 85 degrees C
Critical Warning (332012): Synopsys Design Constraints File file not found: 'ASIC_DTMF_Detector.sdc'. A Synopsys Design Constraints File is required by the Timing Analyzer to get proper timing constraints. Without it, the Compiler will not properly optimize the design.
Info (332142): No user constrained base clocks found in the design. Calling "derive_clocks -period 1.0"
Info (332105): Deriving Clocks
    Info (332105): create_clock -period 1.000 -name clk clk
    Info (332105): create_clock -period 1.000 -name ASICmain:u_ASICmain|Control_Module:u_Control_Module|ControlLogicFSM:u_ControlLogicFSM|i_ce ASICmain:u_ASICmain|Control_Module:u_Control_Module|ControlLogicFSM:u_ControlLogicFSM|i_ce
Info (332143): No user constrained clock uncertainty found in the design. Calling "derive_clock_uncertainty"
Info (332123): Deriving Clock Uncertainty. Please refer to report_sdc in the Timing Analyzer to see clock uncertainties.
Info: Found TIMING_ANALYZER_REPORT_SCRIPT_INCLUDE_DEFAULT_ANALYSIS = ON
Info: Analyzing Slow 1100mV 85C Model
Critical Warning (332148): Timing requirements not met
    Info (11105): For recommendations on closing timing, run Report Timing Closure Recommendations in the Timing Analyzer.
Info (332146): Worst-case setup slack is -6.619
    Info (332119):     Slack       End Point TNS Clock 
    Info (332119): ========= =================== =====================
    Info (332119):    -6.619            -414.711 ASICmain:u_ASICmain|Control_Module:u_Control_Module|ControlLogicFSM:u_ControlLogicFSM|i_ce 
    Info (332119):    -5.864          -15911.771 clk 
Info (332146): Worst-case hold slack is 0.236
    Info (332119):     Slack       End Point TNS Clock 
    Info (332119): ========= =================== =====================
    Info (332119):     0.236               0.000 clk 
    Info (332119):     0.700               0.000 ASICmain:u_ASICmain|Control_Module:u_Control_Module|ControlLogicFSM:u_ControlLogicFSM|i_ce 
Info (332146): Worst-case recovery slack is -3.559
    Info (332119):     Slack       End Point TNS Clock 
    Info (332119): ========= =================== =====================
    Info (332119):    -3.559            -166.971 ASICmain:u_ASICmain|Control_Module:u_Control_Module|ControlLogicFSM:u_ControlLogicFSM|i_ce 
Info (332146): Worst-case removal slack is 2.529
    Info (332119):     Slack       End Point TNS Clock 
    Info (332119): ========= =================== =====================
    Info (332119):     2.529               0.000 ASICmain:u_ASICmain|Control_Module:u_Control_Module|ControlLogicFSM:u_ControlLogicFSM|i_ce 
Info (332146): Worst-case minimum pulse width slack is -2.636
    Info (332119):     Slack       End Point TNS Clock 
    Info (332119): ========= =================== =====================
    Info (332119):    -2.636           -3862.184 clk 
    Info (332119):    -2.174            -107.208 ASICmain:u_ASICmain|Control_Module:u_Control_Module|ControlLogicFSM:u_ControlLogicFSM|i_ce 
Info (332114): Report Metastability: Found 206 synchronizer chains.
    Info (332114): Design MTBF is not calculated because the design doesn't meet its timing requirements.
Info: Analyzing Slow 1100mV 0C Model
Info (334003): Started post-fitting delay annotation
Info (334004): Delay annotation completed successfully
Info (332123): Deriving Clock Uncertainty. Please refer to report_sdc in the Timing Analyzer to see clock uncertainties.
Critical Warning (332148): Timing requirements not met
    Info (11105): For recommendations on closing timing, run Report Timing Closure Recommendations in the Timing Analyzer.
Info (332146): Worst-case setup slack is -6.697
    Info (332119):     Slack       End Point TNS Clock 
    Info (332119): ========= =================== =====================
    Info (332119):    -6.697            -423.034 ASICmain:u_ASICmain|Control_Module:u_Control_Module|ControlLogicFSM:u_ControlLogicFSM|i_ce 
    Info (332119):    -5.774          -14809.244 clk 
Info (332146): Worst-case hold slack is -0.038
    Info (332119):     Slack       End Point TNS Clock 
    Info (332119): ========= =================== =====================
    Info (332119):    -0.038              -0.046 clk 
    Info (332119):     0.689               0.000 ASICmain:u_ASICmain|Control_Module:u_Control_Module|ControlLogicFSM:u_ControlLogicFSM|i_ce 
Info (332146): Worst-case recovery slack is -3.624
    Info (332119):     Slack       End Point TNS Clock 
    Info (332119): ========= =================== =====================
    Info (332119):    -3.624            -170.921 ASICmain:u_ASICmain|Control_Module:u_Control_Module|ControlLogicFSM:u_ControlLogicFSM|i_ce 
Info (332146): Worst-case removal slack is 2.636
    Info (332119):     Slack       End Point TNS Clock 
    Info (332119): ========= =================== =====================
    Info (332119):     2.636               0.000 ASICmain:u_ASICmain|Control_Module:u_Control_Module|ControlLogicFSM:u_ControlLogicFSM|i_ce 
Info (332146): Worst-case minimum pulse width slack is -2.636
    Info (332119):     Slack       End Point TNS Clock 
    Info (332119): ========= =================== =====================
    Info (332119):    -2.636           -4003.573 clk 
    Info (332119):    -2.174            -106.584 ASICmain:u_ASICmain|Control_Module:u_Control_Module|ControlLogicFSM:u_ControlLogicFSM|i_ce 
Info (332114): Report Metastability: Found 206 synchronizer chains.
    Info (332114): Design MTBF is not calculated because the design doesn't meet its timing requirements.
Info: Analyzing Fast 1100mV 85C Model
Info (334003): Started post-fitting delay annotation
Info (334004): Delay annotation completed successfully
Info (332123): Deriving Clock Uncertainty. Please refer to report_sdc in the Timing Analyzer to see clock uncertainties.
Critical Warning (332148): Timing requirements not met
    Info (11105): For recommendations on closing timing, run Report Timing Closure Recommendations in the Timing Analyzer.
Info (332146): Worst-case setup slack is -3.481
    Info (332119):     Slack       End Point TNS Clock 
    Info (332119): ========= =================== =====================
    Info (332119):    -3.481            -210.253 ASICmain:u_ASICmain|Control_Module:u_Control_Module|ControlLogicFSM:u_ControlLogicFSM|i_ce 
    Info (332119):    -3.244          -10168.698 clk 
Info (332146): Worst-case hold slack is 0.143
    Info (332119):     Slack       End Point TNS Clock 
    Info (332119): ========= =================== =====================
    Info (332119):     0.143               0.000 clk 
    Info (332119):     0.356               0.000 ASICmain:u_ASICmain|Control_Module:u_Control_Module|ControlLogicFSM:u_ControlLogicFSM|i_ce 
Info (332146): Worst-case recovery slack is -1.765
    Info (332119):     Slack       End Point TNS Clock 
    Info (332119): ========= =================== =====================
    Info (332119):    -1.765             -80.623 ASICmain:u_ASICmain|Control_Module:u_Control_Module|ControlLogicFSM:u_ControlLogicFSM|i_ce 
Info (332146): Worst-case removal slack is 1.196
    Info (332119):     Slack       End Point TNS Clock 
    Info (332119): ========= =================== =====================
    Info (332119):     1.196               0.000 ASICmain:u_ASICmain|Control_Module:u_Control_Module|ControlLogicFSM:u_ControlLogicFSM|i_ce 
Info (332146): Worst-case minimum pulse width slack is -2.636
    Info (332119):     Slack       End Point TNS Clock 
    Info (332119): ========= =================== =====================
    Info (332119):    -2.636           -2190.100 clk 
    Info (332119):    -2.174             -67.157 ASICmain:u_ASICmain|Control_Module:u_Control_Module|ControlLogicFSM:u_ControlLogicFSM|i_ce 
Info (332114): Report Metastability: Found 206 synchronizer chains.
    Info (332114): Design MTBF is not calculated because the design doesn't meet its timing requirements.
Info: Analyzing Fast 1100mV 0C Model
Info (332123): Deriving Clock Uncertainty. Please refer to report_sdc in the Timing Analyzer to see clock uncertainties.
Critical Warning (332148): Timing requirements not met
    Info (11105): For recommendations on closing timing, run Report Timing Closure Recommendations in the Timing Analyzer.
Info (332146): Worst-case setup slack is -3.257
    Info (332119):     Slack       End Point TNS Clock 
    Info (332119): ========= =================== =====================
    Info (332119):    -3.257            -198.732 ASICmain:u_ASICmain|Control_Module:u_Control_Module|ControlLogicFSM:u_ControlLogicFSM|i_ce 
    Info (332119):    -2.867           -8327.916 clk 
Info (332146): Worst-case hold slack is -0.024
    Info (332119):     Slack       End Point TNS Clock 
    Info (332119): ========= =================== =====================
    Info (332119):    -0.024              -0.024 clk 
    Info (332119):     0.326               0.000 ASICmain:u_ASICmain|Control_Module:u_Control_Module|ControlLogicFSM:u_ControlLogicFSM|i_ce 
Info (332146): Worst-case recovery slack is -1.688
    Info (332119):     Slack       End Point TNS Clock 
    Info (332119): ========= =================== =====================
    Info (332119):    -1.688             -77.767 ASICmain:u_ASICmain|Control_Module:u_Control_Module|ControlLogicFSM:u_ControlLogicFSM|i_ce 
Info (332146): Worst-case removal slack is 1.191
    Info (332119):     Slack       End Point TNS Clock 
    Info (332119): ========= =================== =====================
    Info (332119):     1.191               0.000 ASICmain:u_ASICmain|Control_Module:u_Control_Module|ControlLogicFSM:u_ControlLogicFSM|i_ce 
Info (332146): Worst-case minimum pulse width slack is -2.636
    Info (332119):     Slack       End Point TNS Clock 
    Info (332119): ========= =================== =====================
    Info (332119):    -2.636           -2186.874 clk 
    Info (332119):    -2.174             -65.481 ASICmain:u_ASICmain|Control_Module:u_Control_Module|ControlLogicFSM:u_ControlLogicFSM|i_ce 
Info (332114): Report Metastability: Found 206 synchronizer chains.
    Info (332114): Design MTBF is not calculated because the design doesn't meet its timing requirements.
Info (332102): Design is not fully constrained for setup requirements
Info (332102): Design is not fully constrained for hold requirements
Info: Quartus Prime Timing Analyzer was successful. 0 errors, 6 warnings
    Info: Peak virtual memory: 5283 megabytes
    Info: Processing ended: Wed Apr 05 01:29:38 2023
    Info: Elapsed time: 00:00:06
    Info: Total CPU time (on all processors): 00:00:12


